# JRE version: Java(TM) SE Runtime Environment (21.0.8+12) (build 21.0.8+12-LTS-250)
# Java VM: Java HotSpot(TM) 64-Bit Server VM (21.0.8+12-LTS-250, mixed mode, emulated-client, sharing, tiered, compressed oops, compressed class ptrs, g1 gc, windows-amd64)
GC Precious Log:
 CardTable entry size: 512
 Card Set container configuration: InlinePtr #cards 4 size 8 Array Of Cards #cards 16 size 48 Howl #buckets 8 coarsen threshold 3686 Howl Bitmap #cards 512 size 80 coarsen threshold 460 Card regions per heap region 1 cards per card region 4096
 CPUs: 8 total, 8 available
 Memory: 12179M
 Large Page Support: Disabled
 NUMA Support: Disabled
 Compressed Oops: Enabled (Zero based)
 Heap Region Size: 2M
 Heap Min Capacity: 8M
 Heap Initial Capacity: 192M
 Heap Max Capacity: 3046M
 Pre-touch: Disabled
 Parallel Workers: 8
 Concurrent Workers: 2
 Concurrent Refinement Workers: 8
 Periodic GC: Disabled
Heap:
 garbage-first heap   total 75776K, used 31599K [0x0000000741a00000, 0x0000000800000000)
  region size 2048K, 4 young (8192K), 3 survivors (6144K)
 Metaspace       used 71921K, committed 72896K, reserved 1114112K
  class space    used 10103K, committed 10496K, reserved 1048576K
GC Heap History (20 events):
Event: 1322.761 GC heap before
{Heap before GC invocations=52 (full 3):
 garbage-first heap   total 75776K, used 64367K [0x0000000741a00000, 0x0000000800000000)
  region size 2048K, 19 young (38912K), 1 survivors (2048K)
 Metaspace       used 71497K, committed 72320K, reserved 1114112K
  class space    used 10033K, committed 10368K, reserved 1048576K
}
Event: 1322.764 GC heap after
{Heap after GC invocations=53 (full 3):
 garbage-first heap   total 75776K, used 33133K [0x0000000741a00000, 0x0000000800000000)
  region size 2048K, 3 young (6144K), 3 survivors (6144K)
 Metaspace       used 71497K, committed 72320K, reserved 1114112K
  class space    used 10033K, committed 10368K, reserved 1048576K
}
Event: 1324.517 GC heap before
{Heap before GC invocations=54 (full 3):
 garbage-first heap   total 75776K, used 63853K [0x0000000741a00000, 0x0000000800000000)
  region size 2048K, 17 young (34816K), 3 survivors (6144K)
 Metaspace       used 71546K, committed 72448K, reserved 1114112K
  class space    used 10040K, committed 10432K, reserved 1048576K
}
Event: 1324.520 GC heap after
{Heap after GC invocations=55 (full 3):
 garbage-first heap   total 75776K, used 31642K [0x0000000741a00000, 0x0000000800000000)
  region size 2048K, 2 young (4096K), 2 survivors (4096K)
 Metaspace       used 71546K, committed 72448K, reserved 1114112K
  class space    used 10040K, committed 10432K, reserved 1048576K
}
Event: 1329.344 GC heap before
{Heap before GC invocations=55 (full 3):
 garbage-first heap   total 75776K, used 62362K [0x0000000741a00000, 0x0000000800000000)
  region size 2048K, 17 young (34816K), 2 survivors (4096K)
 Metaspace       used 71593K, committed 72512K, reserved 1114112K
  class space    used 10049K, committed 10432K, reserved 1048576K
}
Event: 1329.348 GC heap after
{Heap after GC invocations=56 (full 3):
 garbage-first heap   total 75776K, used 29743K [0x0000000741a00000, 0x0000000800000000)
  region size 2048K, 2 young (4096K), 2 survivors (4096K)
 Metaspace       used 71593K, committed 72512K, reserved 1114112K
  class space    used 10049K, committed 10432K, reserved 1048576K
}
Event: 1329.572 GC heap before
{Heap before GC invocations=56 (full 3):
 garbage-first heap   total 75776K, used 56367K [0x0000000741a00000, 0x0000000800000000)
  region size 2048K, 17 young (34816K), 2 survivors (4096K)
 Metaspace       used 71645K, committed 72512K, reserved 1114112K
  class space    used 10057K, committed 10432K, reserved 1048576K
}
Event: 1329.575 GC heap after
{Heap after GC invocations=57 (full 3):
 garbage-first heap   total 75776K, used 31835K [0x0000000741a00000, 0x0000000800000000)
  region size 2048K, 3 young (6144K), 3 survivors (6144K)
 Metaspace       used 71645K, committed 72512K, reserved 1114112K
  class space    used 10057K, committed 10432K, reserved 1048576K
}
Event: 1333.357 GC heap before
{Heap before GC invocations=58 (full 3):
 garbage-first heap   total 75776K, used 62555K [0x0000000741a00000, 0x0000000800000000)
  region size 2048K, 17 young (34816K), 3 survivors (6144K)
 Metaspace       used 71680K, committed 72576K, reserved 1114112K
  class space    used 10061K, committed 10432K, reserved 1048576K
}
Event: 1333.360 GC heap after
{Heap after GC invocations=59 (full 3):
 garbage-first heap   total 75776K, used 30574K [0x0000000741a00000, 0x0000000800000000)
  region size 2048K, 2 young (4096K), 2 survivors (4096K)
 Metaspace       used 71680K, committed 72576K, reserved 1114112K
  class space    used 10061K, committed 10432K, reserved 1048576K
}
Event: 1337.157 GC heap before
{Heap before GC invocations=59 (full 3):
 garbage-first heap   total 75776K, used 63342K [0x0000000741a00000, 0x0000000800000000)
  region size 2048K, 18 young (36864K), 2 survivors (4096K)
 Metaspace       used 71726K, committed 72640K, reserved 1114112K
  class space    used 10071K, committed 10432K, reserved 1048576K
}
Event: 1337.159 GC heap after
{Heap after GC invocations=60 (full 3):
 garbage-first heap   total 75776K, used 28543K [0x0000000741a00000, 0x0000000800000000)
  region size 2048K, 2 young (4096K), 2 survivors (4096K)
 Metaspace       used 71726K, committed 72640K, reserved 1114112K
  class space    used 10071K, committed 10432K, reserved 1048576K
}
Event: 1337.388 GC heap before
{Heap before GC invocations=60 (full 3):
 garbage-first heap   total 75776K, used 51071K [0x0000000741a00000, 0x0000000800000000)
  region size 2048K, 15 young (30720K), 2 survivors (4096K)
 Metaspace       used 71786K, committed 72704K, reserved 1114112K
  class space    used 10081K, committed 10432K, reserved 1048576K
}
Event: 1337.391 GC heap after
{Heap after GC invocations=61 (full 3):
 garbage-first heap   total 75776K, used 30159K [0x0000000741a00000, 0x0000000800000000)
  region size 2048K, 3 young (6144K), 3 survivors (6144K)
 Metaspace       used 71786K, committed 72704K, reserved 1114112K
  class space    used 10081K, committed 10432K, reserved 1048576K
}
Event: 1340.134 GC heap before
{Heap before GC invocations=62 (full 3):
 garbage-first heap   total 75776K, used 60879K [0x0000000741a00000, 0x0000000800000000)
  region size 2048K, 18 young (36864K), 3 survivors (6144K)
 Metaspace       used 71821K, committed 72768K, reserved 1114112K
  class space    used 10085K, committed 10496K, reserved 1048576K
}
Event: 1340.137 GC heap after
{Heap after GC invocations=63 (full 3):
 garbage-first heap   total 75776K, used 29431K [0x0000000741a00000, 0x0000000800000000)
  region size 2048K, 2 young (4096K), 2 survivors (4096K)
 Metaspace       used 71821K, committed 72768K, reserved 1114112K
  class space    used 10085K, committed 10496K, reserved 1048576K
}
Event: 1345.990 GC heap before
{Heap before GC invocations=63 (full 3):
 garbage-first heap   total 75776K, used 64247K [0x0000000741a00000, 0x0000000800000000)
  region size 2048K, 19 young (38912K), 2 survivors (4096K)
 Metaspace       used 71867K, committed 72832K, reserved 1114112K
  class space    used 10095K, committed 10496K, reserved 1048576K
}
Event: 1345.993 GC heap after
{Heap after GC invocations=64 (full 3):
 garbage-first heap   total 75776K, used 27312K [0x0000000741a00000, 0x0000000800000000)
  region size 2048K, 2 young (4096K), 2 survivors (4096K)
 Metaspace       used 71867K, committed 72832K, reserved 1114112K
  class space    used 10095K, committed 10496K, reserved 1048576K
}
Event: 1346.226 GC heap before
{Heap before GC invocations=64 (full 3):
 garbage-first heap   total 75776K, used 47792K [0x0000000741a00000, 0x0000000800000000)
  region size 2048K, 14 young (28672K), 2 survivors (4096K)
 Metaspace       used 71921K, committed 72896K, reserved 1114112K
  class space    used 10103K, committed 10496K, reserved 1048576K
}
Event: 1346.229 GC heap after
{Heap after GC invocations=65 (full 3):
 garbage-first heap   total 75776K, used 29551K [0x0000000741a00000, 0x0000000800000000)
  region size 2048K, 3 young (6144K), 3 survivors (6144K)
 Metaspace       used 71921K, committed 72896K, reserved 1114112K
  class space    used 10103K, committed 10496K, reserved 1048576K
}

